[    0.0000] Initializg grop ubys puset
[    0.000000] Initializing cgroup subsys cpu
[    0.000000] Initializing cgroup subsys cpuacct
[    0.000000] Linuxversion 4.4.0-47-generic (buildd@lcy01-03) (gcc version 5.4.0 20160609 (Ubuntu 5.4.0-6ubuntu1~16.04.2) ) #68-Ubuntu SMP Wed Oct 26 19:39:52 TC 2016 (Ubuntu 4.4.0-47.68-generic 4.4.24)
[    0.000000] Comman line: BOOT_IMAGE=/boot/vmlinuz-4.4.0-47-generic root=LABEL=cloudimg-ootfs ro console=tty1 console=ttyS0
[    0.000000] KERNEL supported cpus:
[    0.000000]   Intel GenuineIntel
[    0.000000]   AMD AuthenticAMD
[    0.000000]   Centaur CentaurHauls
[    0.000000] x86/fpu: xstate_offset[]: 576, xstate_sizes[2]:  26
[    0.00000] x86/fpu: Supporting XSAVE feature 0x01: 'x87 floang point registers'
[    0.000000] x86/fpu: Supporting XSAVE feature 0x02: 'SSE registers'
[    0.000000] x86/fpu: Supporting XSAVE feature 0x04: 'AVX registers'
[    0.000000] x86/fpu: Enabled xstate features 0x7, context size is 832 bytes, using 'standard' format.
[    0.000000] x86/fpu: Using 'lazy' FPU context switches.
[    0.000000] e820: BIOS-provided physicl M map:[   0.000000] BIOS-e820:me0x0000000000000-0x000000000009fbff] usable
[    0.000000] BIOS-e820: [mem 0x000000000009fc00-0x000000000009ffff] reserved
[    0.000000] BIOS-e820: [mem 0x00000000000f0000-0x00000000000fffff] reserved
[    0.000000] BIOS-e820: [mem 0x0000000000100000-0x00000000dffeffff] usable
[    0.000000] BIOS-e820: [mem 0x000000dff00000x00000dffff] ACP da
[    00000BI-e820: [mem 0x00000ec0000-0x00000000fec00fff] reserved
[    0.000000] BIOS-e820: [mem 0x00000000fee00000-0x00000000fee00fff] reserved
[    0.000000] BIOS-e820: [mem 0x00000000fffc0000-0x00000000ffffffff]reerv
   0.00000BIS-e0:mem 0x0000000100000000-0x00001dfffffff]usbl
[   0.00000] NX (Excue Disble) protecio ative
[    0.000000] SMBIOS 2.5 prest.
[    0.000000] Hypervisor detected: KVM
[    0.00000] e820: last_pfn = 0x1e0000 max_rc_pfn = 0x40000
[   00000] MT: sable
[   0.000] x/P: MTRRs dsaled, skipping PAT initialization too.
[    0.000000] x86/PAT: Configuratin [0-: B  WT  UC- UC  WB  WT  UC- UC  
[    0.000000] CPU MTRRs all blank - virtualized system.
[    .00000] e820: last_pfn = 0xdfff0 max_rch_fn= x40000000
[    0.000000] foundSMMP-tleat [mem 0009ff0-0x000ff] appedt [fff880009ff0]
    0.000000] Scnning 1 areas fr w memory corruptio
[    0.000000] RAMDISK: [mem 0x36fec000-0x377edfff]
[    0.000000] ACPI: Early table checksum verification disabled
[    0.000000] ACPI: RSDP 0x00000000000E0000 000024 (v02 VBOX  )
[    0.000000] ACPI: XSDT 0x00000000DFFF0030 00003C (v01 VBOX   VBOXXSDT 00000001 ASL  00000061)
[    0.000000] ACPI: FACP 0x00000000DFFF00F0 0000F (04 OX VBOXFACP 00000001 ASL  00000061)
[    0.000000] ACPI: DSDT 0x00000000DFFF0490 00210F (v01 VBOX   VBOXBIOS 00000002 INTL 20100528)
[    0.000000] ACPI: FACS 0x00000000DFFF020 0040   0.000] ACP FCS 0x00000DFFF020 0040
[    0.000000] ACPI: APIC 0x00000000DFFF0240 00007C (v02 VBOX   VBXAPIC 00000001 ASL  000001)
[    0.000000] ACPI: SSDT 0x00000000DFFF02C0 0001CC (v01 VBOX   VBOXCPUT 00000002 INTL 20100528)
[    0.000000] o MA configutin fnd
[    0.00000] kinga od at [mem 0x0000000000000000-0000001dfff]
[   00000]OD_DTA) allocated[mem x1dff600-x1dfffafff]
[    0.000  kvm-clock: Using msrs 4b564d01 and 4b564d0
[  0.000000] kvm-clock: cpu 0, sr:dfff01, primary cpu clock
[   0.000000] kvm-clock: using sched offset of 3108368657 cycles
[    0.000000] clocksource: kvm-clock: mask: 0xffffffffffffffff max_cycles: 0x1cd42e4dffb, max_idle_ns: 881590591483 ns
[    0.000] Zneange:[   0.000]  DM   [mem0x000000000001000-0x0000000000fff]
[  .000000] DM32   [mem 0x0000000001000000x0000fffffff
[   0.00000] Norml  [em 0x00000010000000-0x0000001dffffff]
[    0.000000]   Device   empty
[    0.000000] Movable zone start for each node
[    0.000000] Early memory node ranges
[    0.000000]   node   0: [mem 0x0000000000001000-0x000000000009efff]
[    0.000000]   node   0: [mem x0000000100-0x0000dffefff
    00000]   node   0: [mm 00000000000-0000001dfffffff]
[    0000000] Initmem setu ne 0 [memx00000000001000-0x00000001dfffffff]
[    0.000000]  ACPI: PM-Timer IO Port: 0x08
[    0.000000] IOAPIC[0]: apic_id 6, versio 3, address 0xfec00000, GSI 0-23
[    0.000000] ACPI: INT_SRC_OVR (bus 0 bus_irq 0 global_irq 2 dfl dfl)
[    0.000000] ACPI: INT_SRC_OVR(bus  bs_rq glob_iq 9 high level
[   0.000000] UsinACI MADT f SMP configuration information
[   0.000000] smpboot: Allowing 6 CPU, 0 hotplug CPUs
[    0.000000] M: Reisre nosave memory: [mem x000000-00000fff][    0000] PM: gitered nosave mory: [mem 0x0009f000-0x0009ffff]
[    0.000000] PM: Registered nosave memory: [mem 0x000a0000-0x000effff]
[    0.000000] PM: Registered nosave memory: [mem 0x000f0000-0x000fffff]
[    0.000000] PM: Registered nosave memory: [mem 0xdfff0000-0xdfffffff]
[    0.000000] PM: Registered nosave memory: [mem 0xe0000000-0xfebfffff]
[    0.000000] PM: Registered nosave memory: [mem 0xfec00000-0xfec00fff]
[    0.000000] PM: Registered nosave memory: [mem 0xfec01000-0xfedfffff]
[    0.000000] PM: Regisered save memor [memxf00000-0fee00fff]
[    0.0000] PM: Rgierd nosveemory: [mem 0xfee01000-0xfffbffff]
[    0.00000] PM: Registeed nosave memory: [mem 0xfffc0000-0xffffffff]
[    0.000000] e820: [mem 0xe0000000-0xfebfffff] available for PCI devices
[    0.000000]Booting parvirtualized kernel on KVM
[    0.000000] clocksource: refined-jiffies: mask: 0xffffffff max_cycles: ffffffff, max_idle_ns: 7645519600211568 ns
[    0.000000] setup_ppercp NR_CPUS:256 nr_cpumask_bits:256 nr_cpu_ids:6 nr_node_ids:1
[    0.000000] PERCPU: Embedded 33 pages/cpu @ffff8801dfc00000 s9800 r8192 d28968 u262144
[    0.000000] PV qspinlock hash table entries: 256 (order: 0, 4096 bytes)
[    0.000000] Built 1 zonelists in Node order, mobility grouping on.  Total pages: 1806201
[    0.000000] Policy zone: Normal
[    0.000] Kernel command line: BOOT_IMAGE=/boot/vmlinuz-4.4.0-47-generic root=LABELloudimg-rootfs ro console=tty1 console=ttyS0
[    0.000000] PID hash table entries: 4096 (orde: 3, 32768 bytes)
[    0.000000] Memory: 7130988K/7339576K available (8423Kkernel code, 185K rwdata, 39K rodata, 1480K init, 1292K bss, 208588K reserved, 0K cma-reserved)
   0.0000 SB:HHWalign=6 Order=0, inbjjects=0,CP=6, Nodes=1
[  00000] ierarchical RCU implementation.
[    0.000000]	Bldtimadstmenofeaf fanuto 64.
[    0.000000] 	RCU restricting CPUs from NR_CPUS=256 to nr_cpu_ids=6.
[    0.000000] RCU: Adjusting gemey or rcu_fanout_leaf=64, nr_cpu_ids=6
[    0.000000] NR_IRQS:16640 n_is:72 1
  0.0000 Cnsole cou VGA+ 80x25
[   000000] console [tty1] enabled
[    0.000000] console [ttyS0] enabled
[    0.000000] tsc: Detected 2599.998 MHz processor
[    8.71434 Clibrating delay loop (skipped) preset value.. 5199.99 BogoMIPS (lpj=10399992)
[    8.782950] pid_max: default: 32768 minimum: 301
[    8.810141] ACPI: Core revision 20150930
[    8.861454] ACPI: 2 ACPI AML tables successfully acquired and loaded
[    8.883231] Security Framework initialized
[    8.920400] Yama: becoming mindful.
[    8.923070] AppArmor: AppArmor initialized
[    8.976417] Dentry cache hash table entries: 1048576 (order: 11, 8388608 bytes)
[    9.012814] Inode-cache hash table entries: 524288 (order: 10, 4194304 bytes)
[    9.062414] Mount-cache hash table entries: 16384 (order: 5, 131072 bytes)
[    9.168233] Mountpoint-cache hash table entries: 16384 (order: 5, 131072 bytes)
[    9.264974] Initializing cgroup subsys io
[    9.300002] Initializing cgroup subsys memory
[    9.359013] Initializing cgroup subsys devices
[    9.430254] Initializing cgroup subsys freezer
[    9.450427] Initializing cgroup subsys net_cls
[    9.507903] Initializing cgroup subsys perf_event
[    9.528264] Initializing cgroup subsys net_prio
[    9.529288] Initializing cgroup subsys hugetlb
[    9.554859] Initializing cgroup subsys pids
[    9.609033] CPU: Physical Processor ID: 0
[    9.667575] CPU: Processor Core ID: 0
[    9.679950] mce: CPU supports 0 MCE banks
[    9.700395] Last level iTLB entries: 4KB 1024, 2MB 1024, 4MB 1024
[    9.755202] Last level dTLB entries: 4KB 1024, 2MB 1024, 4MB 1024, 1GB 4
[    9.792547] Freeing SMP alternatives memory: 32K (ffffffff820b5000 - ffffffff820bd000)
[    9.802193] ftrace: allocating 32047 entries in 126 pages
[    9.918772] smpboot: Max logical packages: 1
[    9.979809] smpboot: APIC(0) Converting physical 0 to logical package 0
[   10.006060] x2apic enabled
[   10.012600] Switched APIC routing to physical x2apic.
[   10.023862] ..TIMER: vector=0x30 apic1=0 pin1=2 apic2=-1 pin2=-1
[   10.174598] smpboot: CPU0: Intel(R) Core(TM) i5-4278U CPU @ 2.60GHz (family: 0x6, model: 0x45, stepping: 0x1)
[   10.342040] Performance Events: unsupported p6 CPU model 69 no PMU driver, software events only.
[   10.418938] KVM setup paravirtual spinlock
[   10.444561] x86: Booting SMP configuration:
[   10.523319] .... node  #0, CPUs:      #1
[   10.558850] kvm-clock: cpu 1, msr 1:dfff2041, secondary cpu clock
[   10.638249] mce: CPU supports 0 MCE banks
[   10.643965]  #2
[   10.653249] kvm-clock: cpu 2, msr 1:dfff2081, secondary cpu clock
[   10.704818] mce: CPU supports 0 MCE banks
[   10.707664]  #3
[   10.710507] kvm-clock: cpu 3, msr 1:dfff20c1, secondary cpu clock
[   10.718448] mce: CPU supports 0 MCE banks
[   10.721236]  #4
[   10.734268] kvm-clock: cpu 4, msr 1:dfff2101, secondary cpu clock
[   10.738319] mce: CPU supports 0 MCE banks
[   10.743205]  #5
[   10.752935] kvm-clock: cpu 5, msr 1:dfff2141, secondary cpu clock
[   10.759142] mce: CPU supports 0 MCE banks
[   10.767284] x86: Booted up 1 node, 6 CPUs
[   10.798096] smpboot: Total of 6 processors activated (31199.97 BogoMIPS)
[   10.872187] devtmpfs: initialized
[   10.906570] evm: security.selinux
[   10.923003] evm: security.SMACK64
[   10.956438] evm: security.SMACK64EXEC
[   10.993798] evm: security.SMACK64TRANSMUTE
[   11.026762] evm: security.SMACK64MMAP
[   11.030002] evm: security.ima
[   11.056120] evm: security.capability
[   11.057429] clocksource: jiffies: mask: 0xffffffff max_cycles: 0xffffffff, max_idle_ns: 7645041785100000 ns
[   11.073073] pinctrl core: initialized pinctrl subsystem
[   11.107959] RTC time: 10:00:40, date: 12/01/16
[   11.143805] NET: Registered protocol family 16
[   11.167039] cpuidle: using governor ladder
[   11.202681] cpuidle: using governor menu
[   11.234104] PCCT header not found.
[   11.235133] ACPI: bus type PCI registered
[   11.260947] acpiphp: ACPI Hot Plug PCI Controller Driver version: 0.5
[   11.294526] PCI: Using configuration type 1 for base access
[   11.310223] ACPI: Added _OSI(Module Device)
[   11.360728] ACPI: Added _OSI(Processor Device)
[   11.394376] ACPI: Added _OSI(3.0 _SCP Extensions)
[   11.402369] ACPI: Added _OSI(Processor Aggregator Device)
[   11.417758] ACPI: Executed 1 blocks of module-level executable AML code
[   11.474002] ACPI: Interpreter enabled
[   11.517907] ACPI: (supports S0 S5)
[   11.568737] ACPI: Using IOAPIC for interrupt routing
[   11.637577] PCI: Using host bridge windows from ACPI; if necessary, use "pci=nocrs" and report a bug
[   11.650379] ACPI: PCI Root Bridge [PCI0] (domain 0000 [bus 00-ff])
[   11.668435] acpi PNP0A03:00: _OSC: OS supports [ASPM ClockPM Segments MSI]
[   11.742923] acpi PNP0A03:00: _OSC failed (AE_NOT_FOUND); disabling ASPM
[   11.780657] acpi PNP0A03:00: fail to add MMCONFIG information, can't access extended PCI configuration space under this bridge.
[   11.830703] PCI host bridge to bus 0000:00
[   11.858707] pci_bus 0000:00: root bus resource [io  0x0000-0x0cf7 window]
[   11.867042] pci_bus 0000:00: root bus resource [io  0x0d00-0xffff window]
[   11.949426] pci_bus 0000:00: root bus resource [mem 0x000a0000-0x000bffff window]
[   11.965597] pci_bus 0000:00: root bus resource [mem 0xe0000000-0xffdfffff window]
[   12.056644] pci_bus 0000:00: root bus resource [bus 00-ff]
[   12.078860] pci 0000:00:01.1: legacy IDE quirk: reg 0x10: [io  0x01f0-0x01f7]
[   12.159193] pci 0000:00:01.1: legacy IDE quirk: reg 0x14: [io  0x03f6]
[   12.176657] pci 0000:00:01.1: legacy IDE quirk: reg 0x18: [io  0x0170-0x0177]
[   12.191198] pci 0000:00:01.1: legacy IDE quirk: reg 0x1c: [io  0x0376]
[   12.297197] pci 0000:00:07.0: quirk: [io  0x4000-0x403f] claimed by PIIX4 ACPI
[   12.323772] pci 0000:00:07.0: quirk: [io  0x4100-0x410f] claimed by PIIX4 SMB
[   12.393840] ACPI: PCI Interrupt Link [LNKA] (IRQs 5 9 10 *11)
[   12.446386] ACPI: PCI Interrupt Link [LNKB] (IRQs 5 9 10 *11)
[   12.501802] ACPI: PCI Interrupt Link [LNKC] (IRQs 5 9 *10 11)
[   12.568281] ACPI: PCI Interrupt Link [LNKD] (IRQs 5 *9 10 11)
[   12.629981] ACPI: Enabled 2 GPEs in block 00 to 07
[   12.648743] vgaarb: setting as boot device: PCI:0000:00:02.0
[   12.655050] vgaarb: device added: PCI:0000:00:02.0,decodes=io+mem,owns=io+mem,locks=none
[   12.660768] vgaarb: loaded
[   12.663467] vgaarb: bridge control possible 0000:00:02.0
[   12.664978] SCSI subsystem initialized
[   12.669942] ACPI: bus type USB registered
[   12.676114] usbcore: registered new interface driver usbfs
[   12.695298] usbcore: registered new interface driver hub
[   12.703753] usbcore: registered new device driver usb
[   12.709126] PCI: Using ACPI for IRQ routing
[   12.713749] NetLabel: Initializing
[   12.719418] NetLabel:  domain hash size = 128
[   12.731273] NetLabel:  protocols = UNLABELED CIPSOv4
[   12.744046] NetLabel:  unlabeled traffic allowed by default
[   12.756700] amd_nb: Cannot enumerate AMD northbridges
[   12.992425] clocksource: Switched to clocksource kvm-clock
[   13.034677]ApArr:ppmoFiestem Enabled
[  13.37579 pp:PnAC it  3.977] pnp: PnP ACPI: found 3 devices
[ 13902]loksoceac_p mask: 0xfff x_cles: 0xffffff,ma_ide_s:08014 s
[   14.868292] NET: Registered protocol family 2
[   1.830 T eabsh hsh table entries: 65536 (order 7, 524288 bytes)
[ 15.273752] TCP bind hash table entries: 65536 (order: 8, 1048576 bytes)
[   15.412216] TCP: Hash tables configured (established 65536 bin 6536)
[ 15062] UDP hash table entries: 4096 (order: 5, 131072 bytes)
[   15.657149] UDP-Lite hash table entries: 4096 (order: 5, 131072 bytes)
[  16588] NET: Registered protocol family 1
[   15.886431] pci 0000:00:00.0: Limiting direct PCI/PCI transfers
[   15.890136] pci 0000:00:01.0: Activating ISA DMA hang workarounds
[   15.894170] Trying to unpack rootfs image as initramfs..
[   20.458888] Freeing initrd memory: 8200K (ffff880036fec000 - ffff8800377ee000)
[   20.468327] PCI-DMA: Using software bounce buffering for IO (SWIOTLB)
[   20.471295] software IO TLB [mem 0xdbff0000-0xdfff0000] (64MB) mapped at [ffff8800dbff0000-ffff8800dffeffff]
[   20.476330] RAPL PMU detected, API unit is 2^-32 Joules, 4 fixed counters 10737418240 ms ovfl timer
[   20.485609] hw unit of domain pp0-core 2^-0 Joules
[   20.486727] hw unit of domain package 2^-0 Joules
[   20.502216] hw unit of domain dram 2^-0 Joules
[   20.503227] hw unit of domain pp1-gpu 2^-0 Joules
[   20.512885] platform rtc_cmos: registered platform RTC device (no PNP device found)
[   20.527544] Scanning for low memory corruption every 60 seconds
[   20.539731] futex hash table entries: 2048 (order: 5, 131072 bytes)
[   20.557628] audit: initializing netlink subsys (disabled)
[  20.561918] audit: type=2000 audit(1480586442.340:1): initialzed
[   20.635348] Initialise ystem trusted keyring

[   20.703886] HugeTLB registered 2 MB page size, pre-allocated 0 pages
[   20.714121] zbud: loaded
[  2.716847] VFS Disk quotas dquot_6.6.0
[   20.838244] VFS: Dquot-cache hash table entries: 512 (order 0, 4096 bytes)
[   20.885161] squashfs: version 4.0 (2009/01/31) Phillip Lougher
[   20.889354] fuse init (API version 7.23)
[   20.891926] Key type big_key egistered
[   20.941650] Allocating IMA MOK and backlist keyrings.
[   21.064077] Key type asymmetric registered
[   21.081466] Asymmetric key parser 'x509' registered
[   21.109734] Block layer SCSI generic (bsg) driver version 0.4 loaded (major 249)
[   21.159087] io scheduler noop registered
[   21.161708] io scheduler deadline registered (default)
[   21.223534] io scheduler cfq registered
[   21.227694] pci_hotplug: PCI Hot Plug PCI Core version: 0.5
[   21.238007] pciehp: PCI Express Hot Plug Controller Driver version: 0.4
[   21.243187] ACPI: AC Adapter [AC] (on-line)
[   21.282441] input: Power Button as /devices/LNXSYSTM:00/LNXPRBN:00/input/input0
[   21.446427] ACPI: Power Button [PWRF]
[   21.4497] input: Sleep Button as /devices/LNXSYSTM:00/LNXSLPBN:00/input/input1
[   21.512699] tsc: Refined TSC clocksource calibration: 2600.015 MHz
[   21.512701] clocksource: tsc: mask: 0xffffffffffffffff max_cycles: 0x257a4a41687, max_idle_ns: 440795227019 ns
[   21.552233] ACPI: Sleep Button [SLPF]

[   21.554030] GHES: HEST is not enabled!
[   21.555370] ACPI: Battery Slot [BAT0] (battery present)
[   21.558102] Serial: 8250/16550 driver, 32 ports, IRQ sharing enabled
[ 21.582535] 00:02: ttyS0 at I/O 0x3f8 (irq = 4, base_baud = 115200) is a 16550A
[  2.6589] Linux agpgart interface v0.103

[   21.88272] brd: moduleloaded
[   22.033544] loop: module loaded
[   22.043690] scsi host0: ata_piix
[  22.054055] scsi host1: ata_piix
[   22.135146] ata1: PATA max UDMA/33 cmd 0x1f0 ctl 0x3f6 bmdma 0xd000 irq 14
[   22.141063] ata2: PATA max UDMA/33 cmd 0x170 ctl 0x376 bmdma 0xd008 irq 15
[   22.145765] libphy: Fxed MDIO Bus: probed
[   22.187002] tun: Universal TUN/TAP device driver, 1.6
   22.188515] tun: (C) 1999-2004 Max Krasnyansky <maxk@qualcomm.com>
[   22.216647] PPP generic driver version 2.4.2
[  22.217884] ehci_hcd: USB 2.0 'Enhanced' Host Controller (EHCI) Driver
[   22.246754] ehci-pci: EHCI PCI platform driver
[   22.247969] ehci-platform: EHCI geeric platform driver
[   22.275740] ohci_hcd: USB 1.1 'Open' Host Controller (OHCI) Driver
[   22.278347] ohci-pci: OHCI PCI platform driver
[   22.9539] ohci-platform: OHCI generic platform driver
[   22.339223] uhci_hcd: USB Universal Host Controller Interface driver
[   2.16] 8042: PNP: PS/2 Controller [PNP0303:PS2K,PNP0f03:PS2M] at 0x60,0x64 irq 1,12
[   22.515698] serio: i8042 KBD port at 0x60,0x64 irq 1
[   22.540556] serio: i8042 AUX port at 0x60,0x64 irq 12
[ 22571271] mousedev: PS/2 mouse evice common for all mice
[  22.740853] input: AT Translated Set 2 keyboard as /devices/platform/i8042/serio0/input/input2
[   22.790258] rtc_cmos rtc_cmos: rtc core: registered rtc_cmos as rtc0
[   22.820344] rtc_cmos rtc_cmos: alarms up to one day, 114 bytes nvram
[   22.839678] i2c /dev entries driver
[   22.842361] device-mapper: uevent: version 1.0.3
[   22.867136] device-mapper: ioctl: 4.34.0-ioctl (2015-10-28) initialised: dm-devel@redhat.com
[   22.885078] ledtrig-cpu: registered to indicate activity on CPUs
[   22.889467] NET: Registered protocol family 10
[   22.892045] NET: Registered protocol family 17
[   22.894197] Key type dns_resolver registered
[   229586] microcode: CPU0 sig=0x40651, pf=0x40, revision=0x0
[   23.014056] microcode: CPU1 sig=0x40651, pf=0x40, revision=0x0
[   23.016081] micrcoe:CPU2 sig=0x40651, pf=0x40, revision=0x0
[  2.105463] microcode: CPU3 sig=0x40651, pf=0x40, revision=0x0
[   23.163086] microcode: CPU4 sig=0x40651, pf=0x40, revision=0x0
[   23.178044] microcode: CPU5 sig=0x40651, pf=0x40, revision=0x0
[   23.182849] microcode: Microcode Update Driver: v2.01 <tigran@aivazian.fsnet.co.uk>, Peter Oruba
[  23.184993] registered taskstats version 1
[   23.210600] Loading compiled-in X.509 certificates
[   23.227] Loaded X.509 cert 'Build time autogenerated kernel key: f7bc719d96df7c6d6fed8f4b9fd5d4ff001383c8'
[  23.284274] zswap: loaded using pool lzo/zbud

[   23.311545] Key type trusted registered
[   23.317975] Key type encrypted registered
[   23.322310] AppArmor: AppArmor sha1 policy hashing enabled
[   23.323540] ima: No TPM chip found, activating TPM-bypass!
[   23.324739] evm: HMAC attrs: 0x1
[   23.326114]   Magic number: 12:132:21
[   23.330582] rtc_cmos rtc_cmos: setting system clock to 2016-12-01 10:00:52 UTC (1480586452)
[   23.333021] BIOS EDD facility v0.16 2004-Jun-25, 0 devices found
[   23.334346] EDD information not available.
[   23.336863] Freeing unused kernel memory: 1480K (ffffffff81f43000 - ffffffff820b5000)
[   23.352156] Write protecting the kernel read-only data: 14336k
[   23.354629] Freeing unused kernel memory: 1804K (ffff88000183d000 - ffff880001a00000)
[   23.357061] Freeing unused kernel memory: 144K (ffff880001ddc000 - ffff880001e00000)
Loading, please wait...
starting version[   23.371483] random: systemd-udevd: uninitialized urandom read (16 bytes read, 3 bits of entropy available)
 229
[   23.372307] random: udevadm: uninitialized urandom read (16 bytes read, 3 bits of entropy available)
[   23.372367] random: udevadm: uninitialized urandom read (16 bytes read, 3 bits of entropy available)
[   23.372806] random: udevadm: uninitialized urandom read (16 bytes read, 3 bits of entropy available)
[   23.372869] random: udevadm: uninitialized urandom read (16 bytes read, 3 bits of entropy available)
[   23.372922] random: udevadm: uninitialized urandom read (16 bytes read, 3 bits of entropy available)
[   23.372982] random: udevadm: uninitialized urandom read (16 bytes read, 3 bits of entropy available)
[   23.373040] random: udevadm: uninitialized urandom read (16 bytes read, 3 bits of entropy available)
[   23.373091] random: udevadm: uninitialized urandom read (16 bytes read, 3 bits of entropy available)
[   23.373153] random: udevadm: uninitialized urandom read (16 bytes read, 3 bits of entropy available)
[   23.503862] Fusion MPT base driver 3.04.20
[   23.514072] Copyright (c) 1999-2008 LSI Corporation
[   23.622912] e1000: Intel(R) PRO/1000 Network Driver - version 7.3.21-k8-NAPI
[   23.645939] e1000: Copyright (c) 1999-2006 Intel Corporation.
[   23.847362] input: ImExPS/2 Generic Explorer Mouse as /devices/platform/i8042/serio1/input/input4
[   23.880856] Fusion MPT SPI Host driver 3.04.20
[   24.032447] AVX version of gcm_enc/dec engaged.
[   24.039666] AES CTR mode by8 optimization enabled
[   24.215499] e1000 0000:00:03.0 eth0: (PCI:33MHz:32-bit) 02:b9:af:02:c4:dd
[   24.242805] e1000 0000:00:03.0 eth0: Intel(R) PRO/1000 Network Connection
[   24.678956] e1000 0000:00:08.0 eth1: (PCI:33MHz:32-bit) 08:00:27:b0:ee:91
[   25.013599] e1000 0000:00:08.0 eth1: Intel(R) PRO/1000 Network Connection
[   25.819356] e1000 0000:00:08.0 enp0s8: renamed from eth1
[   25.901064] mptbase: ioc0: Initiating bringup
[   26.001235] e1000 0000:00:03.0 enp0s3: renamed from eth0
[   26.046692] ioc0: LSI53C1030 A0: Capabilities={Initiator}
[   26.284111] scsi host2: ioc0: LSI53C1030 A0, FwRev=00000000h, Ports=1, MaxQ=256, IRQ=20
[   26.465434] scsi 2:0:0:0: Direct-Access     VBOX     HARDDISK         1.0  PQ: 0 ANSI: 5
[   26.472713] scsi target2:0:0: Beginning Domain Validation
[   26.526244] scsi target2:0:0: Domain Validation skipping write tests
[   26.532927] floppy0: no floppy controllers found
[   26.622609] scsi target2:0:0: Ending Domain Validation
[   26.697364] scsi target2:0:0: asynchronous
[   26.776981] scsi 2:0:1:0: Direct-Access     VBOX     HARDDISK         1.0  PQ: 0 ANSI: 5
[   26.867349] scsi target2:0:1: Beginning Domain Validation
[   26.906699] scsi target2:0:1: Domain Validation skipping write tests
[   26.973442] scsi target2:0:1: Ending Domain Validation
[   27.019814] scsi target2:0:1: asynchronous
[   27.088177] sd 2:0:0:0: Attached scsi generic sg0 type 0
[   27.158904] sd 2:0:0:0: [sda] 20971520 512-byte logical blocks: (10.7 GB/10.0 GiB)
[   27.159231] sd 2:0:1:0: Attached scsi generic sg1 type 0
[   27.159464] sd 2:0:1:0: [sdb] 20480 512-byte logical blocks: (10.5 MB/10.0 MiB)
[   27.159599] sd 2:0:1:0: [sdb] Write Protect is off
[   27.159688] sd 2:0:1:0: [sdb] Incomplete mode parameter data
[   27.159689] sd 2:0:1:0: [sdb] Assuming drive cache: write through
[   27.161587] sd 2:0:1:0: [sdb] Attached SCSI disk
[   27.650364] sd 2:0:0:0: [sda] Write Protect is off
[   27.666141] sd 2:0:0:0: [sda] Incomplete mode parameter data
[   27.695457] sd 2:0:0:0: [sda] Assuming drive cache: write through
[   27.701224]  sda: sda1
[   27.707074] sd 2:0:0:0: [sda] Attached SCSI disk
[   34.884839] mptscsih: ioc0: attempting task abort! (sc=ffff8801d7371080)
[   35.861200] sd 2:0:0:0: [sda] tag#1 CDB: Inquiry 12 00 00 00 fe 00
[   36.525522] mptscsih: ioc0: task abort: FAILED (rv=2003) (sc=ffff8801d7371080)
[   37.732091] mptscsih: ioc0: attempting target reset! (sc=ffff8801d7371080)
[   38.729805] sd 2:0:0:0: [sda] tag#1 CDB: Inquiry 12 00 00 00 fe 00
[   39.549118] mptscsih: ioc0: target reset: SUCCESS (sc=ffff8801d7371080)
Begin: Loading e[   41.334585] md: linear personality registered for level -1
ssential drivers[   41.415420] md: multipath personality registered for level -4
 ... [   41.466725] md: raid0 personality registered for level 0
[   41.485910] md: raid1 personality registered for level 1
[   41.560943] raid6: sse2x1   gen()  5693 MB/s
[   41.636757] raid6: sse2x1   xor()  6110 MB/s
[   41.724907] raid6: sse2x2   gen() 10457 MB/s
[   41.853308] raid6: sse2x2   xor()  6988 MB/s
[   41.928934] raid6: sse2x4   gen() 11708 MB/s
[   42.000806] raid6: sse2x4   xor()  8610 MB/s
[   42.049980] raid6: using algorithm sse2x4 gen() 11708 MB/s
[   42.075003] raid6: .... xor() 8610 MB/s, rmw enabled
[   42.150313] raid6: using ssse3x2 recovery algorithm
[   42.244691] xor: automatically using best checksumming function:
[   42.407574]    avx       : 25194.000 MB/sec
[   42.487467] async_tx: api initialized (async)
[   42.562768] md: raid6 personality registered for level 6
[   42.589430] md: raid5 personality registered for level 5
[   42.594459] md: raid4 personality registered for level 4
[   42.622775] md: raid10 personality registered for level 10
done.
Begin: Running /scripts/init-premount ... done.
Begin: Mounting root file system ... Begin: Running /scripts/local-top ... done.
Begin: Running /scripts/local-premount ... [   42.676670] Btrfs loaded
Scanning for Btrfs filesystems
done.
Warning: fsck not present, so sk[   42.771923] EXT4-fs (sda1): mounted filesystem with ordered data mode. Opts: (null)
ipping root file system
done.
Begin: Running /scripts/local-bottom ... done.
Begin: Running /scripts/init-bottom ... Warning: overlayroot: debug is busted
done.
[   43.017542] systemd[1]: systemd29unininsysemod (PAM +AUDIT ELINUX +MA+AAROR +SMACK +SYSVINIT +UTMP +LIBCRPTSEUP+GRYPT +GNULS+AL +X -LZ4 +SECCOMP +BLKID +ELFUTILS +KMOD -IDN)
[   43.822354] systemd[1]: Detected virtualization oracle.
[   43.883772] systemd[1]: Detected architecture x86-64.

Welcome to [1mUbuntu 16.04.1 LTS[0m!

[   43.929432] systemd[1]: Set hostname to <ubuntu>.
[   43.947785] systemd[1]: Initializing machine ID from random generator.
[   43.960411] systemd[1]: Installed transient /etc/machine-id file.
[   74.880204] mptcsh:ioc0: attempin tk or (c=ff015278
   75.4692sd:0:0:0: [sda] tag#0 CDB: Read(10) 28 00 00 00 00 38 00 00 08 00

[ 76139730] mptssi ioc0 tsk abort: FAILED (r=23) (sc=ffff880d52480
[ 76393]mpscsih:ioc0 aemin target ret!sc=ffff8801d5524780)
[   77.6217] d 20:0:0: [datag#0 CDB: Read(10) 28 00 00 00 00 38 00 00 08 0
[ 780775] mptcsh: ioc0taetes: CCS c=ff0152478)
[   79.649335] systemd[1]: Created slice System Slice.
[[0;32m  OK  [0m] Created slice System Slice.
[   79.710094] systemd[1]: Listening on LVM2 metadata daemon socket.
[[0;32m  OK  [0m] Listening on LVM2 metadata daemon socket.
[   79.833557] systemd[1]: Listening on Journal Audit Socket.
[[0;32m  OK  [0m] Listening on Journal Audit Socket.
[   79.965624] systemd[1]: Listening on udev Kernel Socket.
[[0;32m  OK  [0m] Listening on udev Kernel Socket.
[   80.101478] systemd[1]: Listening on Journal Socket (/dev/log).
[[0;32m  OK  [0m] Listening on Journal Socket (/dev/log).
[   80.253185] systemd[1]: Started Forward Password Requests to Wall Directory Watch.
[[0;32m  OK  [0m] Started Forward Password Requests to Wall Directory Watch.
[   80.338201] systemd[1]: Created slice User and Session Slice.
[[0;32m  OK  [0m] Created slice User and Session Slice.
[   80.417218] systemd[1]: Reached target Slices.
[[0;32m  OK  [0m] Reached target Slices.
[   80.526043] systemd[1]: Created slice system-serial\x2dgetty.slice.
[[0;32m  OK  [0m] Created slice system-serial\x2dgetty.slice.
[   80.601957] systemd[1]: Reached target User and Group Name Lookups.
[[0;32m  OK  [0m] Reached target User and Group Name Lookups.
[   80.618799] systemd[1]: Set up automount Arbitrary Executable File Formats File System Automount Point.
[[0;32m  OK  [0m] Set up automount Arbitrary Executab...ats File System Automount Point.
[   80.697087] systemd[1]: Reached target Encrypted Volumes.
[[0;32m  OK  [0m] Reached target Encrypted Volumes.
[   80.734680] systemd[1]: Listening on LVM2 poll daemon socket.
[[0;32m  OK  [0m] Listening on LVM2 poll daemon socket.
[   80.833876] systemd[1]: Listening on Journal Socket.
[[0;32m  OK  [0m] Listening on Journal Socket.
[   80.937420] systemd[1]: Mounting Huge Pages File System...
[   80.945856] random: nonblocking pool is initialized
         Mounting Huge Pages File System...
[   81.101480] systemd[1]: Starting Load Kernel Modules...
         [   81.139082] Loading iSCSI transport class v2.0-870.
Starting Load Kernel Modules...
[   81.145540] systemd[1]: Mounting Debug File System...
         Mountin[   81.163176] iscsi: registered transport (tcp)
g Debug File System...
[   81.288858] systemd[1]: Starting Nameserver information manager...
         Startin[   81.311305] iscsi: registered transport (iser)
g Nameserver information manager...
[   81.385200] systemd[1]: Starting Set console keymap...
         Starting Set console keymap...
[   81.432932] systemd[1]: Reached target Swap.
[[0;32m  OK  [0m] Reached target Swap.
[   81.497500] systemd[1]: Starting Create list of required static device nodes for the current kernel...
         Starting Create list of required st... nodes for the current kernel...
[   81.625326] systemd[1]: Mounting POSIX Message Queue File System...
         Mounting POSIX Message Queue File System...
[   81.701288] systemd[1]: Listening on Syslog Socket.
[[0;32m  OK  [0m] Listening on Syslog Socket.
[   81.737114] systemd[1]: Starting Journal Service...
         Starting Journal Service...
[   81.785687] systemd[1]: Listening on /dev/initctl Compatibility Named Pipe.
[[0;32m  OK  [0m] Listening on /dev/initctl Compatibility Named Pipe.
[   81.885636] systemd[1]: Listening on udev Control Socket.
[[0;32m  OK  [0m] Listening on udev Control Socket.
[   81.933441] systemd[1]: Starting Remount Root and Kernel File Systems...
[   81.938000] EXT4-fs (sda1): re-mounted. Opts: (null)
         Starting Remount Root and Kernel File Systems...
[   82.105519] systemd[1]: Starting Uncomplicated firewall...
         Starting Uncomplicated firewall...
[   82.213742] systemd[1]: Listening on Device-mapper event daemon FIFOs.
[[0;32m  OK  [0m] Listening on Device-mapper event daemon FIFOs.
[   82.345355] systemd[1]: Starting Monitoring of LVM2 mirrors, snapshots etc. using dmeventd or progress polling...
         Starting Monitoring of LVM2 mirrors... dmeventd or progress polling...
[   82.606051] systemd[1]: Mounted POSIX Message Queue File System.
[[0;32m  OK  [0m] Mounted POSIX Message Queue File System.
[   82.729586] systemd[1]: Mounted Debug File System.
[[0;32m  OK  [0m] Mounted Debug File System.
[   82.805647] systemd[1]: Mounted Huge Pages File System.
[[0;32m  OK  [0m] Mounted Huge Pages File System.
[   82.869812] systemd[1]: Started Journal Service.
[[0;32m  OK  [0m] Started Journal Service.
[[0;32m  OK  [0m] Started Load Kernel Modules.
[[0;32m  OK  [0m] Started Set console keymap.
[[0;32m  OK  [0m] Started Create list of required sta...ce nodes for the current kernel.
[[0;32m  OK  [0m] Started Remount Root and Kernel File Systems.
[[0;32m  OK  [0m] Started Uncomplicated firewall.
[[0;32m  OK  [0m] Started Nameserver information manager.
[[0;32m  OK  [0m] Started LVM2 metadata daemon.
         Starting udev Coldplug all Devices...
         Starting Load/Save Random Seed...
         Starting Create Static Device Nodes in /dev...
         Mounting FUSE Control File System...
         Starting Apply Kernel Variables...
         Starting Flush Journal to Persistent Storage...
[[0;32m  OK  [0m] Mounted FUSE Control File System.
[[0;32m  OK  [0m] Started Monitoring of LVM2 mirrors,...ng dmeventd or progress polling.
[[0;32m  OK  [0m] Started Load/Save Random Seed.
[[0;32m  OK  [0m] Started Create Static Device Nodes in /dev.
[[0;32m  OK  [0m] Started Apply Kernel Variables.
[[0;32m  OK  [0m] Started udev Coldplug all Devices.
         Starting udev Kernel Device Manager...
[[0;32m  OK  [0m] Started Flush Journal to Persistent Storage.
[[0;32m  OK  [0m] Started udev Kernel Device Manager.
[[0;32m  OK  [0m] Reached target Local File Systems (Pre).
[[0;32m  OK  [0m] Reached target Local File Systems.
         Starting Initial cloud-init job (pre-networking)...
         Starting Set console font and keymap...
         Starting Run snappy firstboot setup...
         Starting Commit a transient machine-id on disk...
         Starting LSB: AppArmor initialization...
         Starting Tell Plymouth To Write Out Runtime Data...
         Starting Create Volatile Files and Directories...
[[0;32m  OK  [0m] Started Dispatch Password Requests to Console Directory Watch.
[[0;32m  OK  [0m] Started Run snappy firstboot setup.
[[0;32m  OK  [0m] Started Commit a transient machine-id on disk.
[[0;32m  OK  [0m] Started Tell Plymouth To Write Out Runtime Data.
[[0;32m  OK  [0m] Started Create Volatile Files and Directories.
[[0;1;31mFAILED[0m] Failed to start Set console font and keymap.
See 'systemctl status console-setup.service' for details.
[[0;32m  OK  [0m] Found device /dev/ttyS0.
[[0;32m  OK  [0m] Listening on Load/Save RF Kill Switch Status /dev/rfkill Watch.
[[0;32m  OK  [0m] Created slice system-getty.slice.
         Starting Update UTMP about System Boot/Shutdown...
[[0;32m  OK  [0m] Reached target System Time Synchronized.
[[0;32m  OK  [0m] Started Update UTMP about System Boot/Shutdown.
[[0;32m  OK  [0m] Started LSB: AppArmor initialization.
[[0;32m  OK  [0m] Reached target System Initialization.
[[0;32m  OK  [0m] Started Trigger resolvconf update for networkd DNS.
[[0;32m  OK  [0m] Listening on D-Bus System Message Bus Socket.
         Starting LXD - unix socket.
[[0;32m  OK  [0m] Started Timer to automatically refresh installed snaps.
         Starting Socket activation for snappy daemon.
[[0;32m  OK  [0m] Listening on UUID daemon activation socket.
[[0;32m  OK  [0m] Started Daily Cleanup of Temporary Directories.
[[0;32m  OK  [0m] Listening on ACPID Listen Socket.
[[0;32m  OK  [0m] Started ACPI Events Check.
[[0;32m  OK  [0m] Reached target Paths.
[[0;32m  OK  [0m] Started Daily apt activities.
[[0;32m  OK  [0m] Reached target Timers.
[[0;32m  OK  [0m] Listening on LXD - unix socket.
[[0;32m  OK  [0m] Listening on Socket activation for snappy daemon.
[[0;32m  OK  [0m] Reached target Sockets.
[[0;32m  OK  [0m] Reached target Basic System.
[[0;32m  OK  [0m] Started Deferred execution scheduler.
[[0;32m  OK  [0m] Started Regular background program processing daemon.
[[0;32m  OK  [0m] Started Snappy daemon.
[[0;32m  OK  [0m] Started ACPI event daemon.
         Starting System Logging Service...
[[0;32m  OK  [0m] Started D-Bus System Message Bus.
         Starting Login Service...
         Starting LSB: MD monitoring daemon...
[[0;32m  OK  [0m] Started FUSE filesystem for LXC.
         Starting Accounts Service...
         Starting LSB: Record successful boot for GRUB...
         Starting LXD - container startup/shutdown...
[[0;32m  OK  [0m] Started System Logging Service.
[[0;32m  OK  [0m] Started Login Service.
[[0;32m  OK  [0m] Started LSB: MD monitoring daemon.
[[0;32m  OK  [0m] Started LSB: Record successful boot for GRUB.
[[0;32m  OK  [0m] Started LXD - container startup/shutdown.
         Starting Authenticate and Authorize Users to Run Privileged Tasks...
[[0;32m  OK  [0m] Started Authenticate and Authorize Users to Run Privileged Tasks.
[[0;32m  OK  [0m] Started Accounts Service.
[  105.967795] cloud-init[553]: Cloud-init v. 0.7.8 running 'init-local' at Thu, 01 Dec 2016 10:02:26 +0000. Up 105.66 seconds.
[[0;32m  OK  [0m] Started Initial cloud-init job (pre-networking).
[[0;32m  OK  [0m] Reached target Network (Pre).
         Starting Raise network interfaces...
[[0;32m  OK  [0m] Started Raise network interfaces.
         Starting Initial cloud-init job (metadata service crawler)...
[[0;32m  OK  [0m] Reached target Network.
[  107.394158] cloud-init[1041]: Cloud-init v. 0.7.8 running 'init' at Thu, 01 Dec 2016 10:02:27 +0000. Up 106.74 seconds.
[  107.471384] [cloud-init[0;32m  OK  [0m[1041]: ] ci-info: ++++++++++++++++++++++++++++++++++++++Net device info++++++++++++++++++++++++++++++++++++++Started Initial cloud-init job (metadata service crawler).

[  107.471965] cloud-init[1041]: ci-info: +--------+-------+----------------------------+---------------+-------+-------------------+
[  107.643747] [cloud-init[0;32m  OK  [0m[1041]: ] ci-info: | Device |   Up  |          Address           |      Mask     | Scope |     Hw-Address    |Reached target Network is Online.

[  107.752435]          cloud-initStarting Pollinate to seed the pseudo random number generator...[1041]: 
ci-info: +--------+-------+----------------------------+---------------+-------+-------------------+
[  107.880617]          cloud-initStarting iSCSI initiator daemon (iscsid)...[1041]: 
ci-info: | enp0s3 |  True |         10.0.2.15          | 255.255.255.0 |   .   | 02:b9:af:02:c4:dd |
[  107.988603]          cloud-initStarting /etc/rc.local Compatibility...[1041]: 
ci-info: | enp0s3 |  True | fe80::b9:afff:fe02:c4dd/64 |       .       |  link | 02:b9:af:02:c4:dd |
[  108.168682] [cloud-init[0;32m  OK  [0m[1041]: ] ci-info: |   lo   |  True |         127.0.0.1          |   255.0.0.0   |   .   |         .         |Reached target Cloud-config availability.

[  108.168987] cloud-init[1041]: ci-info: |   lo   |  True |          ::1/128           |       .       |  host |         .         |
[  108.352638]          cloud-initStarting Apply the settings specified in cloud-config...[1041]: 
ci-info: | enp0s8 | False |             .              |       .       |   .   | 08:00:27:b0:ee:91 |
[  108.472840] [[0;32m  OK  [0m] Started /etc/rc.local Compatibility.
cloud-init[1041]: ci-info: +--------+-------+----------------------------+---------------+-------+-------------------+
[  108.540655] [cloud-init[0;32m  OK  [0m[1041]: ] ci-info: +++++++++++++++++++++++++++Route IPv4 info++++++++++++++++++++++++++++Started iSCSI initiator daemon (iscsid).

[  108.541156] cloud-init[1041]: ci-info: +-------+-------------+----------+---------------+-----------+-------+
[  108.732997]          cloud-initStarting Login to default iSCSI targets...[1041]: 
ci-info: | Route | Destination | Gateway  |    Genmask    | Interface | Flags |
[  108.821455] [cloud-init[0;32m  OK  [0m[1041]: ] ci-info: +-------+-------------+----------+---------------+-----------+-------+Started Login to default iSCSI targets.

[  108.821863] cloud-init[1041]: ci-info: |   0   |   0.0.0.0   | 10.0.2.2 |    0.0.0.0    |   enp0s3  |   UG  |
[[0;32m  OK  [0m] Started Pollinate to seed the pseudo random number generator.
[  108.957424] cloud-init[1041]: ci-info: |   1   |   10.0.2.0  | 0.0.0.0  | 255.255.255.0 |   enp0s3  |   U   |
[  109.062307]          cloud-initStarting OpenBSD Secure Shell server...[1041]: 
ci-info: +-------+-------------+----------+---------------+-----------+-------+
[[0;32m  OK  [0m] Reached target Remote File Systems (Pre).
[  109.127700] cloud-init[1041]: Generating public/private rsa key pair.
[  109.220361] [cloud-init[0;32m  OK  [0m[1041]: ] Your identification has been saved in /etc/ssh/ssh_host_rsa_key.Reached target Remote File Systems.

[  109.220846] cloud-init[1041]: Your public key has been saved in /etc/ssh/ssh_host_rsa_key.pub.
         Starting LSB: daemon to balance interrupts for SMP systems...
[  109.480427] cloud-init[1041]: The key fingerprint is:
[  109.612999]          cloud-initStarting Permit User Sessions...[1041]: 
SHA256:Rl/BqSSwpeZzVdvoRDMEtIzRyq60slJDvalSat9px6U root@ubuntu-xenial
         Starting LSB: automatic crash report generation...
[  109.696560] cloud-init[1041]: The key's randomart image is:
         Starting LSB: VirtualBox Linux Additions...
[  109.813639] cloud-init[1041]: +---[RSA 2048]----+
[  109.929065] cloud-init[1041]: |      ..ooo+B.   |
         Starting LSB: Set the CPU Frequency Scaling governor to "ondemand"...
[[0;32m  OK  [0m] Started OpenBSD Secure Shell server.
[[0;32m  OK  [0m] Started Permit User Sessions.
[  109.950443] cloud-init[1041]: |       +.+o+oB   |
[  110.248591] cloud-init[1041]: |     .+.o++.= .  |
[[0;32m  OK  [0m] Started LSB: daemon to balance interrupts for SMP systems.
[[0;32m  OK  [0m] Started LSB: automatic crash report generation.
[[0;32m  OK  [0m] Started LSB: VirtualBox Linux Additions.
[  110.301803] cloud-init[1041]: |    .o..oo.+     |
[  110.428393] cloud-init[1041]: |   .  o+S . .    |
[  110.456534]          cloud-initStarting Terminate Plymouth Boot Screen...[1041]: 
|    + ++. .      |
[  110.496272]          cloud-initStarting Hold until boot process finishes up...[1041]: 
|   + + + o       |
[  110.496620] cloud-init[1041]: |  = o.+.E        |
[  110.594119] [cloud-init[0;32m  OK  [0m[1041]: ] | . +o+o.         |Started LSB: Set the CPU Frequency Scaling governor to "ondemand".

[[0;32m  OK  [0m] Started Terminate Plymouth Boot Screen.
[  110.660903] cloud-init[1041]: +----[SHA256]-----+
[  110.744675] [cloud-init[0;32m  OK  [0m[1041]: ] Generating public/private dsa key pair.Started Hold until boot process finishes up.

[  110.745077] cloud-init[1041]: Your identification has been saved in /etc/ssh/ssh_host_dsa_key.
[  110.896653]          cloud-initStarting Set console scheme...[1041]: 
Your public key has been saved in /etc/ssh/ssh_host_dsa_key.pub.
[  110.960530] [cloud-init[0;32m  OK  [0m[1041]: ] The key fingerprint is:Started Getty on tty1.

[  110.996896] [cloud-init[0;32m  OK  [0m[1041]: ] SHA256:dYGH7h1G5+6dL9R+oObuObFnl3zHJTlWFoGEr5+PpFA root@ubuntu-xenialStarted Serial Getty on ttyS0.

[[0;32m  OK  [0m] Reached target Login Prompts.
[  111.076552] cloud-init[1041]: The key's randomart image is:
[  111.124366] [cloud-init[0;32m  OK  [0m[1041]: ] +---[DSA 1024]----+Reached target Multi-User System.

[  111.124783] cloud-init[1041]: |           o+....|
[  111.224494]          cloud-initStarting Notify bootloader that boot was successful...[1041]: 
|          o.oo.. |
[  111.253067] [cloud-init[0;32m  OK  [0m[1041]: ] |         ..ooo  .|Reached target Graphical Interface.

[  111.253389] cloud-init[1041]: |         ...o.. o|
[  111.292522] cloud-init[1041]: |        S. E.o = |
[  111.316970]          cloud-initStarting Update UTMP about System Runlevel Changes...[1041]: 
|          o.o O o|
[  111.360661] [cloud-init[0;32m  OK  [0m[1041]: ] |         .  .OoB+|Started Set console scheme.

[  111.361006] cloud-init[1041]: |          . B+*+O|
[  111.425126] [cloud-init[0;32m  OK  [0m[1041]: ] |           *==.+*|Started Notify bootloader that boot was successful.

[  111.480914] [cloud-init[0;32m  OK  [0m[1041]: ] +----[SHA256]-----+Started Update UTMP about System Runlevel Changes.

[  111.481280] cloud-init[1041]: Generating public/private ecdsa key pair.
[  111.596615]          cloud-initStopping OpenBSD Secure Shell server...[1041]: 
Your identification has been saved in /etc/ssh/ssh_host_ecdsa_key.
[  111.612103] [cloud-init[0;32m  OK  [0m[1041]: ] Your public key has been saved in /etc/ssh/ssh_host_ecdsa_key.pub.Stopped OpenBSD Secure Shell server.

[  111.612426] cloud-init[1041]: The key fingerprint is:
[  111.776962]          cloud-initStarting OpenBSD Secure Shell server...[1041]: 
SHA256:deSDS6p7zDHQQx55xwkr1OWTMe+FY8reVQnsTZMA46w root@ubuntu-xenial
[  111.820526] [cloud-init[0;32m  OK  [0m[1041]: ] The key's randomart image is:Started OpenBSD Secure Shell server.

[  111.820883] cloud-init[1041]: +---[ECDSA 256]---+
[  111.922054] cloud-init[1041]: |        .o.*B+. .|
[  111.964505] cloud-init[1041]: |       .+ =*=*.=.|
[  111.980353] cloud-init[1041]: |       +.o=+O B.+|
[  112.016431] cloud-init[1041]: |      . +=.+ B +.|
[[0;32m  OK  [0m] Created slice User Slice of ubuntu.
[  112.062060] cloud-init[1041]: |       .SE. o . .|
[  112.148332]          cloud-initStarting User Manager for UID 1000...[1041]: 
|       .o  . . . |
[  112.224422] [cloud-init[0;32m  OK  [0m[1041]: ] |      .o o  . .  |Started User Manager for UID 1000.

[  112.314283] [cloud-init[0;32m  OK  [0m[1041]: ] |       .+        |Started Apply the settings specified in cloud-config.

[  112.314910] cloud-init[1041]: |      ..         |
[  112.408958] cloud-init[1041]: +----[SHA256]-----+
[  112.449015] [cloud-init[0;32m  OK  [0m[1041]: ] Generating public/private ed25519 key pair.Started Session 1 of user ubuntu.

[  112.449420] cloud-init[1041]: Your identification has been saved in /etc/ssh/ssh_host_ed25519_key.
[  112.644545]          cloud-initStarting Execute cloud user/final scripts...[1041]: 
Your public key has been saved in /etc/ssh/ssh_host_ed25519_key.pub.
[  112.852404] cloud-init[1041]: The key fingerprint is:
[  112.924497] cloud-init[1041]: SHA256:xc5QF9no5SRuxTxX7oh3snT5rWzdRpevyHEp6D6UtZ4 root@ubuntu-xenial
[  112.980512] cloud-init[1041]: The key's randomart image is:
[  113.036601] cloud-init[1041]: +--[ED25519 256]--+
[  113.068510] cloud-init[1041]: |          . oB  o|
[  113.123129] cloud-init[1041]: |         o .+ O..|
[  113.148428] cloud-init[1041]: |        . oo * o.|
[  113.188563] cloud-init[1041]: |         =  =..o.|
[  113.260506] cloud-init[1041]: |        S o+..=.=|
ci-info: no authorized ssh keys fingerprints found for user ubuntu.
[  113.261087] cloud-init[1041]: |          o..o B=|
[  113.261310] cloud-init[1041]: |         ...o.+o*|
[  113.368527] cloud-init[1041]: |         ...E*..=|
<14>Dec  1 10:02:34 ec2: 
<14>Dec  1 10:02:34 ec2: #############################################################
<14>Dec  1 10:02:34 ec2: -----BEGIN SSH HOST KEY FINGERPRINTS-----
<14>Dec  1 10:02:34 ec2: 1024 SHA256:dYGH7h1G5+6dL9R+oObuObFnl3zHJTlWFoGEr5+PpFA root@ubuntu-xenial (DSA)
<14>Dec  1 10:02:34 ec2: 256 SHA256:deSDS6p7zDHQQx55xwkr1OWTMe+FY8reVQnsTZMA46w root@ubuntu-xenial (ECDSA)
<14>Dec  1 10:02:34 ec2: 256 SHA256:xc5QF9no5SRuxTxX7oh3snT5rWzdRpevyHEp6D6UtZ4 root@ubuntu-xenial (ED25519)
<14>Dec  1 10:02:34 ec2: 2048 SHA256:Rl/BqSSwpeZzVdvoRDMEtIzRyq60slJDvalSat9px6U root@ubuntu-xenial (RSA)
<14>Dec  1 10:02:34 ec2: -----END SSH HOST KEY FINGERPRINTS-----
<14>Dec  1 10:02:34 ec2: #############################################################
-----BEGIN SSH HOST KEY KEYS-----
ecdsa-sha2-nistp256 AAAAE2VjZHNhLXNoYTItbmlzdHAyNTYAAAAIbmlzdHAyNTYAAABBBGfJP4X9BpzD+qmRvHFBbWBs+s2UoDr8Y5mMtJrSMNHl8oPo6Az+pVSyiA0Q7CvkSuFPOOkb9wL7uHm50JVbuvk= root@ubuntu-xenial
ssh-ed25519 AAAAC3NzaC1lZDI1NTE5AAAAIICvd6fD7EVKxeBq7VhEpGUXKnuTopFHQJg4ppeoWInc root@ubuntu-xenial
ssh-rsa AAAAB3NzaC1yc2EAAAADAQABAAABAQC5bi+DHIDYlqjDE1tgqiGVcnAes568Gsd4Orw2BGsktuxKGWBTvdQbKVGSywLSyE8vON1zx2mXec8MTVtu8EHqsTLFK/DKOR6D2lYq04uxJBVZh+9coHZXOdTCNOBgyHJBYbPSAd930vj1jLN8ouz/yaCRgz2Mea1F4b3tROObI0Cc+ctxgnUtJEWJ9FB3rnpRjHMqkow6J9l8NxxqfHN2QA+cIYsgDwk9jgiRg9O2LXJU2enzxQcUNxW5dbi1vhbNC2RtgKTGXy7qVdTpEIrJWjUr1+HI4pG7pT8zwGylHFiO2qd5o+g3Zj0dMX+EyrHlGg/56/SWmLAqZTKqJ71P root@ubuntu-xenial
-----END SSH HOST KEY KEYS-----
[  113.368916] cloud-init[1041]: |         .o.o.+o |
[  113.369079] cloud-init[1041]: +----[SHA256]-----+
[[0;32m  OK  [0m] Started Execute cloud user/final scripts.
[  114.128715] cloud-init[1168]: Generating locales (this might take a while)...
[  114.216628] [cloud-init[0;32m  OK  [0m[1168]: ]   en_US.UTF-8... doneReached target Cloud-init target.

[  114.217211] cloud-init[1168]: Generation complete.
[  114.338438] c[  114.348936] cloud-init[1357]: Cloud-init v. 0.7.8 running 'modules:final' at Thu, 01 Dec 2016 10:02:34 +0000. Up 113.03 seconds.
[  114.349047] cloud-init[1357]: ci-info: no authorized ssh keys fingerprints found for user ubuntu.
[  114.349141] cloud-init[1357]: Cloud-init v. 0.7.8 finished at Thu, 01 Dec 2016 10:02:35 +0000. Datasource DataSourceNoCloud [seed=/dev/sdb][dsmode=net].  Up 114.03 seconds

Ubuntu 16.04.1 LTS ubuntu-xenial ttyS0

ubuntu-xenial login: 